# JRE version: Java(TM) SE Runtime Environment (15.0.2+7) (build 15.0.2+7-27)
# Java VM: Java HotSpot(TM) 64-Bit Server VM (15.0.2+7-27, mixed mode, sharing, tiered, compressed oops, g1 gc, windows-amd64)
GC Precious Log:
 CPUs: 4 total, 4 available
 Memory: 8051M
 Large Page Support: Disabled
 NUMA Support: Disabled
 Compressed Oops: Enabled (32-bit)
 Heap Region Size: 1M
 Heap Min Capacity: 8M
 Heap Initial Capacity: 126M
 Heap Max Capacity: 2014M
 Pre-touch: Disabled
 Parallel Workers: 4
 Concurrent Workers: 1
 Concurrent Refinement Workers: 4
 Periodic GC: Disabled
Heap:
 garbage-first heap   total 684032K, used 172544K [0x0000000082200000, 0x0000000100000000)
  region size 1024K, 3 young (3072K), 3 survivors (3072K)
 Metaspace       used 318K, capacity 4490K, committed 4864K, reserved 1056768K
  class space    used 17K, capacity 386K, committed 512K, reserved 1048576K
GC Heap History (17 events):
Event: 2.277 GC heap before
{Heap before GC invocations=0 (full 0):
 garbage-first heap   total 129024K, used 13312K [0x0000000082200000, 0x0000000100000000)
  region size 1024K, 13 young (13312K), 0 survivors (0K)
 Metaspace       used 318K, capacity 4490K, committed 4864K, reserved 1056768K
  class space    used 17K, capacity 386K, committed 512K, reserved 1048576K
}
Event: 2.324 GC heap after
{Heap after GC invocations=1 (full 0):
 garbage-first heap   total 129024K, used 8799K [0x0000000082200000, 0x0000000100000000)
  region size 1024K, 2 young (2048K), 2 survivors (2048K)
 Metaspace       used 318K, capacity 4490K, committed 4864K, reserved 1056768K
  class space    used 17K, capacity 386K, committed 512K, reserved 1048576K
}
Event: 2.333 GC heap before
{Heap before GC invocations=1 (full 0):
 garbage-first heap   total 129024K, used 20063K [0x0000000082200000, 0x0000000100000000)
  region size 1024K, 13 young (13312K), 2 survivors (2048K)
 Metaspace       used 318K, capacity 4490K, committed 4864K, reserved 1056768K
  class space    used 17K, capacity 386K, committed 512K, reserved 1048576K
}
Event: 2.371 GC heap after
{Heap after GC invocations=2 (full 0):
 garbage-first heap   total 129024K, used 19327K [0x0000000082200000, 0x0000000100000000)
  region size 1024K, 2 young (2048K), 2 survivors (2048K)
 Metaspace       used 318K, capacity 4490K, committed 4864K, reserved 1056768K
  class space    used 17K, capacity 386K, committed 512K, reserved 1048576K
}
Event: 2.383 GC heap before
{Heap before GC invocations=2 (full 0):
 garbage-first heap   total 129024K, used 32639K [0x0000000082200000, 0x0000000100000000)
  region size 1024K, 15 young (15360K), 2 survivors (2048K)
 Metaspace       used 318K, capacity 4490K, committed 4864K, reserved 1056768K
  class space    used 17K, capacity 386K, committed 512K, reserved 1048576K
}
Event: 2.430 GC heap after
{Heap after GC invocations=3 (full 0):
 garbage-first heap   total 129024K, used 33280K [0x0000000082200000, 0x0000000100000000)
  region size 1024K, 2 young (2048K), 2 survivors (2048K)
 Metaspace       used 318K, capacity 4490K, committed 4864K, reserved 1056768K
  class space    used 17K, capacity 386K, committed 512K, reserved 1048576K
}
Event: 2.448 GC heap before
{Heap before GC invocations=3 (full 0):
 garbage-first heap   total 129024K, used 51712K [0x0000000082200000, 0x0000000100000000)
  region size 1024K, 20 young (20480K), 2 survivors (2048K)
 Metaspace       used 318K, capacity 4490K, committed 4864K, reserved 1056768K
  class space    used 17K, capacity 386K, committed 512K, reserved 1048576K
}
Event: 2.516 GC heap after
{Heap after GC invocations=4 (full 0):
 garbage-first heap   total 129024K, used 52736K [0x0000000082200000, 0x0000000100000000)
  region size 1024K, 3 young (3072K), 3 survivors (3072K)
 Metaspace       used 318K, capacity 4490K, committed 4864K, reserved 1056768K
  class space    used 17K, capacity 386K, committed 512K, reserved 1048576K
}
Event: 2.534 GC heap before
{Heap before GC invocations=4 (full 0):
 garbage-first heap   total 129024K, used 71168K [0x0000000082200000, 0x0000000100000000)
  region size 1024K, 21 young (21504K), 3 survivors (3072K)
 Metaspace       used 318K, capacity 4490K, committed 4864K, reserved 1056768K
  class space    used 17K, capacity 386K, committed 512K, reserved 1048576K
}
Event: 2.609 GC heap after
{Heap after GC invocations=5 (full 0):
 garbage-first heap   total 239616K, used 71680K [0x0000000082200000, 0x0000000100000000)
  region size 1024K, 3 young (3072K), 3 survivors (3072K)
 Metaspace       used 318K, capacity 4490K, committed 4864K, reserved 1056768K
  class space    used 17K, capacity 386K, committed 512K, reserved 1048576K
}
Event: 2.650 GC heap before
{Heap before GC invocations=5 (full 0):
 garbage-first heap   total 239616K, used 95232K [0x0000000082200000, 0x0000000100000000)
  region size 1024K, 26 young (26624K), 3 survivors (3072K)
 Metaspace       used 318K, capacity 4490K, committed 4864K, reserved 1056768K
  class space    used 17K, capacity 386K, committed 512K, reserved 1048576K
}
Event: 2.741 GC heap after
{Heap after GC invocations=6 (full 0):
 garbage-first heap   total 239616K, used 96256K [0x0000000082200000, 0x0000000100000000)
  region size 1024K, 4 young (4096K), 4 survivors (4096K)
 Metaspace       used 318K, capacity 4490K, committed 4864K, reserved 1056768K
  class space    used 17K, capacity 386K, committed 512K, reserved 1048576K
}
Event: 2.772 GC heap before
{Heap before GC invocations=6 (full 0):
 garbage-first heap   total 239616K, used 123904K [0x0000000082200000, 0x0000000100000000)
  region size 1024K, 31 young (31744K), 4 survivors (4096K)
 Metaspace       used 318K, capacity 4490K, committed 4864K, reserved 1056768K
  class space    used 17K, capacity 386K, committed 512K, reserved 1048576K
}
Event: 2.895 GC heap after
{Heap after GC invocations=7 (full 0):
 garbage-first heap   total 239616K, used 124928K [0x0000000082200000, 0x0000000100000000)
  region size 1024K, 4 young (4096K), 4 survivors (4096K)
 Metaspace       used 318K, capacity 4490K, committed 4864K, reserved 1056768K
  class space    used 17K, capacity 386K, committed 512K, reserved 1048576K
}
Event: 2.922 GC heap before
{Heap before GC invocations=7 (full 0):
 garbage-first heap   total 239616K, used 151552K [0x0000000082200000, 0x0000000100000000)
  region size 1024K, 30 young (30720K), 4 survivors (4096K)
 Metaspace       used 318K, capacity 4490K, committed 4864K, reserved 1056768K
  class space    used 17K, capacity 386K, committed 512K, reserved 1048576K
}
Event: 3.023 GC heap after
{Heap after GC invocations=8 (full 0):
 garbage-first heap   total 239616K, used 152576K [0x0000000082200000, 0x0000000100000000)
  region size 1024K, 4 young (4096K), 4 survivors (4096K)
 Metaspace       used 318K, capacity 4490K, committed 4864K, reserved 1056768K
  class space    used 17K, capacity 386K, committed 512K, reserved 1048576K
}
Event: 3.072 GC heap before
{Heap before GC invocations=8 (full 0):
 garbage-first heap   total 239616K, used 171008K [0x0000000082200000, 0x0000000100000000)
  region size 1024K, 22 young (22528K), 4 survivors (4096K)
 Metaspace       used 318K, capacity 4490K, committed 4864K, reserved 1056768K
  class space    used 17K, capacity 386K, committed 512K, reserved 1048576K
}

